2024/06/19 14:37:31 [error] [exception.CHttpException.404] CHttpException: Unable to resolve the request "gii". in C:\xampp\htdocs\yii1-1\framework\web\CWebApplication.php:286
Stack trace:
#0 C:\xampp\htdocs\yii1-1\framework\web\CWebApplication.php(141): CWebApplication->runController('gii')
#1 C:\xampp\htdocs\yii1-1\framework\base\CApplication.php(185): CWebApplication->processRequest()
#2 C:\xampp\htdocs\project-yii\index.php(13): CApplication->run()
#3 {main}
REQUEST_URI=/project-yii/index.php?r=gii
---
2024/06/19 14:38:03 [error] [exception.CHttpException.404] CHttpException: Unable to resolve the request "gii". in C:\xampp\htdocs\yii1-1\framework\web\CWebApplication.php:286
Stack trace:
#0 C:\xampp\htdocs\yii1-1\framework\web\CWebApplication.php(141): CWebApplication->runController('gii')
#1 C:\xampp\htdocs\yii1-1\framework\base\CApplication.php(185): CWebApplication->processRequest()
#2 C:\xampp\htdocs\project-yii\index.php(13): CApplication->run()
#3 {main}
REQUEST_URI=/project-yii/index.php?r=gii
---
2024/06/19 15:06:34 [error] [exception.CException] CException: Property "CPhpAuthManager.db" is not defined. in C:\xampp\htdocs\yii1-1\framework\base\CComponent.php:130
Stack trace:
#0 C:\xampp\htdocs\project-yii\protected\modules\srbac\SrbacModule.php(244): CComponent->__get('db')
#1 C:\xampp\htdocs\project-yii\protected\modules\srbac\controllers\AuthitemController.php(43): SrbacModule->isInstalled()
#2 C:\xampp\htdocs\yii1-1\framework\web\CController.php(306): AuthitemController->beforeAction(Object(CInlineAction))
#3 C:\xampp\htdocs\yii1-1\framework\web\CController.php(286): CController->runAction(Object(CInlineAction))
#4 C:\xampp\htdocs\yii1-1\framework\web\CController.php(265): CController->runActionWithFilters(Object(CInlineAction), Array)
#5 C:\xampp\htdocs\yii1-1\framework\web\CWebApplication.php(282): CController->run('frontpage')
#6 C:\xampp\htdocs\yii1-1\framework\web\CWebApplication.php(141): CWebApplication->runController('srbac/authitem/...')
#7 C:\xampp\htdocs\yii1-1\framework\base\CApplication.php(185): CWebApplication->processRequest()
#8 C:\xampp\htdocs\project-yii\index.php(13): CApplication->run()
#9 {main}
REQUEST_URI=/project-yii/index.php?r=srbac/authitem/frontpage
---
2024/06/19 15:17:44 [error] [exception.CException] CException: Property "CPhpAuthManager.db" is not defined. in C:\xampp\htdocs\yii1-1\framework\base\CComponent.php:130
Stack trace:
#0 C:\xampp\htdocs\project-yii\protected\modules\srbac\SrbacModule.php(244): CComponent->__get('db')
#1 C:\xampp\htdocs\project-yii\protected\modules\srbac\controllers\AuthitemController.php(43): SrbacModule->isInstalled()
#2 C:\xampp\htdocs\yii1-1\framework\web\CController.php(306): AuthitemController->beforeAction(Object(CInlineAction))
#3 C:\xampp\htdocs\yii1-1\framework\web\CController.php(286): CController->runAction(Object(CInlineAction))
#4 C:\xampp\htdocs\yii1-1\framework\web\CController.php(265): CController->runActionWithFilters(Object(CInlineAction), Array)
#5 C:\xampp\htdocs\yii1-1\framework\web\CWebApplication.php(282): CController->run('frontpage')
#6 C:\xampp\htdocs\yii1-1\framework\web\CWebApplication.php(141): CWebApplication->runController('srbac/authitem/...')
#7 C:\xampp\htdocs\yii1-1\framework\base\CApplication.php(185): CWebApplication->processRequest()
#8 C:\xampp\htdocs\project-yii\index.php(13): CApplication->run()
#9 {main}
REQUEST_URI=/project-yii/index.php?r=srbac/authitem/frontpage
---
2024/06/19 15:17:45 [error] [exception.CException] CException: Property "CPhpAuthManager.db" is not defined. in C:\xampp\htdocs\yii1-1\framework\base\CComponent.php:130
Stack trace:
#0 C:\xampp\htdocs\project-yii\protected\modules\srbac\SrbacModule.php(244): CComponent->__get('db')
#1 C:\xampp\htdocs\project-yii\protected\modules\srbac\controllers\AuthitemController.php(43): SrbacModule->isInstalled()
#2 C:\xampp\htdocs\yii1-1\framework\web\CController.php(306): AuthitemController->beforeAction(Object(CInlineAction))
#3 C:\xampp\htdocs\yii1-1\framework\web\CController.php(286): CController->runAction(Object(CInlineAction))
#4 C:\xampp\htdocs\yii1-1\framework\web\CController.php(265): CController->runActionWithFilters(Object(CInlineAction), Array)
#5 C:\xampp\htdocs\yii1-1\framework\web\CWebApplication.php(282): CController->run('frontpage')
#6 C:\xampp\htdocs\yii1-1\framework\web\CWebApplication.php(141): CWebApplication->runController('srbac/authitem/...')
#7 C:\xampp\htdocs\yii1-1\framework\base\CApplication.php(185): CWebApplication->processRequest()
#8 C:\xampp\htdocs\project-yii\index.php(13): CApplication->run()
#9 {main}
REQUEST_URI=/project-yii/index.php?r=srbac/authitem/frontpage
---
2024/06/19 15:18:34 [error] [exception.CException] CException: Property "CPhpAuthManager.db" is not defined. in C:\xampp\htdocs\yii1-1\framework\base\CComponent.php:130
Stack trace:
#0 C:\xampp\htdocs\project-yii\protected\modules\srbac\SrbacModule.php(244): CComponent->__get('db')
#1 C:\xampp\htdocs\project-yii\protected\modules\srbac\controllers\AuthitemController.php(43): SrbacModule->isInstalled()
#2 C:\xampp\htdocs\yii1-1\framework\web\CController.php(306): AuthitemController->beforeAction(Object(CInlineAction))
#3 C:\xampp\htdocs\yii1-1\framework\web\CController.php(286): CController->runAction(Object(CInlineAction))
#4 C:\xampp\htdocs\yii1-1\framework\web\CController.php(265): CController->runActionWithFilters(Object(CInlineAction), Array)
#5 C:\xampp\htdocs\yii1-1\framework\web\CWebApplication.php(282): CController->run('frontpage')
#6 C:\xampp\htdocs\yii1-1\framework\web\CWebApplication.php(141): CWebApplication->runController('srbac/authitem/...')
#7 C:\xampp\htdocs\yii1-1\framework\base\CApplication.php(185): CWebApplication->processRequest()
#8 C:\xampp\htdocs\project-yii\index.php(13): CApplication->run()
#9 {main}
REQUEST_URI=/project-yii/index.php?r=srbac/authitem/frontpage
---
2024/06/19 15:24:38 [error] [php] Trying to access array offset on value of type null (C:\xampp\htdocs\project-yii\protected\modules\srbac\views\authitem\install\install.php:104)
Stack trace:
#0 C:\xampp\htdocs\yii1-1\framework\web\CBaseController.php(126): require()
#1 C:\xampp\htdocs\yii1-1\framework\web\CBaseController.php(95): AuthitemController->renderInternal()
#2 C:\xampp\htdocs\yii1-1\framework\web\CController.php(872): AuthitemController->renderFile()
#3 C:\xampp\htdocs\yii1-1\framework\web\CController.php(785): AuthitemController->renderPartial()
#4 C:\xampp\htdocs\project-yii\protected\modules\srbac\controllers\AuthitemController.php(495): AuthitemController->render()
#5 C:\xampp\htdocs\yii1-1\framework\web\actions\CInlineAction.php(49): AuthitemController->actionInstall()
#6 C:\xampp\htdocs\yii1-1\framework\web\CController.php(308): CInlineAction->runWithParams()
#7 C:\xampp\htdocs\yii1-1\framework\web\CController.php(286): AuthitemController->runAction()
#8 C:\xampp\htdocs\yii1-1\framework\web\CController.php(265): AuthitemController->runActionWithFilters()
#9 C:\xampp\htdocs\yii1-1\framework\web\CWebApplication.php(282): AuthitemController->run()
#10 C:\xampp\htdocs\yii1-1\framework\web\CWebApplication.php(141): CWebApplication->runController()
#11 C:\xampp\htdocs\yii1-1\framework\base\CApplication.php(185): CWebApplication->processRequest()
#12 C:\xampp\htdocs\project-yii\index.php(13): CWebApplication->run()
REQUEST_URI=/project-yii/index.php?r=srbac/authitem/install
in C:\xampp\htdocs\project-yii\protected\modules\srbac\views\authitem\install\install.php (104)
in C:\xampp\htdocs\project-yii\protected\modules\srbac\controllers\AuthitemController.php (495)
in C:\xampp\htdocs\project-yii\index.php (13)
2024/06/19 15:28:52 [error] [php] Trying to access array offset on value of type null (C:\xampp\htdocs\project-yii\protected\modules\srbac\views\authitem\install\install.php:104)
Stack trace:
#0 C:\xampp\htdocs\yii1-1\framework\web\CBaseController.php(126): require()
#1 C:\xampp\htdocs\yii1-1\framework\web\CBaseController.php(95): AuthitemController->renderInternal()
#2 C:\xampp\htdocs\yii1-1\framework\web\CController.php(872): AuthitemController->renderFile()
#3 C:\xampp\htdocs\yii1-1\framework\web\CController.php(785): AuthitemController->renderPartial()
#4 C:\xampp\htdocs\project-yii\protected\modules\srbac\controllers\AuthitemController.php(495): AuthitemController->render()
#5 C:\xampp\htdocs\yii1-1\framework\web\actions\CInlineAction.php(49): AuthitemController->actionInstall()
#6 C:\xampp\htdocs\yii1-1\framework\web\CController.php(308): CInlineAction->runWithParams()
#7 C:\xampp\htdocs\yii1-1\framework\web\CController.php(286): AuthitemController->runAction()
#8 C:\xampp\htdocs\yii1-1\framework\web\CController.php(265): AuthitemController->runActionWithFilters()
#9 C:\xampp\htdocs\yii1-1\framework\web\CWebApplication.php(282): AuthitemController->run()
#10 C:\xampp\htdocs\yii1-1\framework\web\CWebApplication.php(141): CWebApplication->runController()
#11 C:\xampp\htdocs\yii1-1\framework\base\CApplication.php(185): CWebApplication->processRequest()
#12 C:\xampp\htdocs\project-yii\index.php(13): CWebApplication->run()
REQUEST_URI=/project-yii/index.php?r=srbac/authitem/install
in C:\xampp\htdocs\project-yii\protected\modules\srbac\views\authitem\install\install.php (104)
in C:\xampp\htdocs\project-yii\protected\modules\srbac\controllers\AuthitemController.php (495)
in C:\xampp\htdocs\project-yii\index.php (13)
2024/06/19 15:28:54 [error] [php] Trying to access array offset on value of type null (C:\xampp\htdocs\project-yii\protected\modules\srbac\views\authitem\install\install.php:104)
Stack trace:
#0 C:\xampp\htdocs\yii1-1\framework\web\CBaseController.php(126): require()
#1 C:\xampp\htdocs\yii1-1\framework\web\CBaseController.php(95): AuthitemController->renderInternal()
#2 C:\xampp\htdocs\yii1-1\framework\web\CController.php(872): AuthitemController->renderFile()
#3 C:\xampp\htdocs\yii1-1\framework\web\CController.php(785): AuthitemController->renderPartial()
#4 C:\xampp\htdocs\project-yii\protected\modules\srbac\controllers\AuthitemController.php(495): AuthitemController->render()
#5 C:\xampp\htdocs\yii1-1\framework\web\actions\CInlineAction.php(49): AuthitemController->actionInstall()
#6 C:\xampp\htdocs\yii1-1\framework\web\CController.php(308): CInlineAction->runWithParams()
#7 C:\xampp\htdocs\yii1-1\framework\web\CController.php(286): AuthitemController->runAction()
#8 C:\xampp\htdocs\yii1-1\framework\web\CController.php(265): AuthitemController->runActionWithFilters()
#9 C:\xampp\htdocs\yii1-1\framework\web\CWebApplication.php(282): AuthitemController->run()
#10 C:\xampp\htdocs\yii1-1\framework\web\CWebApplication.php(141): CWebApplication->runController()
#11 C:\xampp\htdocs\yii1-1\framework\base\CApplication.php(185): CWebApplication->processRequest()
#12 C:\xampp\htdocs\project-yii\index.php(13): CWebApplication->run()
REQUEST_URI=/project-yii/index.php?r=srbac/authitem/install
in C:\xampp\htdocs\project-yii\protected\modules\srbac\views\authitem\install\install.php (104)
in C:\xampp\htdocs\project-yii\protected\modules\srbac\controllers\AuthitemController.php (495)
in C:\xampp\htdocs\project-yii\index.php (13)
2024/06/19 15:31:03 [error] [system.db.CDbCommand] CDbCommand::fetchAll() failed: SQLSTATE[42S02]: Base table or view not found: 1146 Table 'db_yii.wilayah' doesn't exist. The SQL statement executed was: SHOW FULL COLUMNS FROM `wilayah`.
in C:\xampp\htdocs\project-yii\index.php (13)
2024/06/19 15:36:29 [error] [system.db.CDbCommand] CDbCommand::fetchAll() failed: SQLSTATE[42S02]: Base table or view not found: 1146 Table 'db_yii.pegawai' doesn't exist. The SQL statement executed was: SHOW FULL COLUMNS FROM `pegawai`.
in C:\xampp\htdocs\project-yii\index.php (13)
2024/06/19 15:54:32 [error] [php] Trying to access array offset on value of type null (C:\xampp\htdocs\project-yii\protected\modules\srbac\views\authitem\install\install.php:104)
Stack trace:
#0 C:\xampp\htdocs\yii1-1\framework\web\CBaseController.php(126): require()
#1 C:\xampp\htdocs\yii1-1\framework\web\CBaseController.php(95): AuthitemController->renderInternal()
#2 C:\xampp\htdocs\yii1-1\framework\web\CController.php(872): AuthitemController->renderFile()
#3 C:\xampp\htdocs\yii1-1\framework\web\CController.php(785): AuthitemController->renderPartial()
#4 C:\xampp\htdocs\project-yii\protected\modules\srbac\controllers\AuthitemController.php(495): AuthitemController->render()
#5 C:\xampp\htdocs\yii1-1\framework\web\actions\CInlineAction.php(49): AuthitemController->actionInstall()
#6 C:\xampp\htdocs\yii1-1\framework\web\CController.php(308): CInlineAction->runWithParams()
#7 C:\xampp\htdocs\yii1-1\framework\web\CController.php(286): AuthitemController->runAction()
#8 C:\xampp\htdocs\yii1-1\framework\web\CController.php(265): AuthitemController->runActionWithFilters()
#9 C:\xampp\htdocs\yii1-1\framework\web\CWebApplication.php(282): AuthitemController->run()
#10 C:\xampp\htdocs\yii1-1\framework\web\CWebApplication.php(141): CWebApplication->runController()
#11 C:\xampp\htdocs\yii1-1\framework\base\CApplication.php(185): CWebApplication->processRequest()
#12 C:\xampp\htdocs\project-yii\index.php(13): CWebApplication->run()
REQUEST_URI=/project-yii/index.php?r=srbac/authitem/install
in C:\xampp\htdocs\project-yii\protected\modules\srbac\views\authitem\install\install.php (104)
in C:\xampp\htdocs\project-yii\protected\modules\srbac\controllers\AuthitemController.php (495)
in C:\xampp\htdocs\project-yii\index.php (13)
2024/06/19 15:54:32 [error] [php] Trying to access array offset on value of type null (C:\xampp\htdocs\project-yii\protected\modules\srbac\views\authitem\install\install.php:104)
Stack trace:
#0 C:\xampp\htdocs\yii1-1\framework\web\CBaseController.php(126): require()
#1 C:\xampp\htdocs\yii1-1\framework\web\CBaseController.php(95): AuthitemController->renderInternal()
#2 C:\xampp\htdocs\yii1-1\framework\web\CController.php(872): AuthitemController->renderFile()
#3 C:\xampp\htdocs\yii1-1\framework\web\CController.php(785): AuthitemController->renderPartial()
#4 C:\xampp\htdocs\project-yii\protected\modules\srbac\controllers\AuthitemController.php(495): AuthitemController->render()
#5 C:\xampp\htdocs\yii1-1\framework\web\actions\CInlineAction.php(49): AuthitemController->actionInstall()
#6 C:\xampp\htdocs\yii1-1\framework\web\CController.php(308): CInlineAction->runWithParams()
#7 C:\xampp\htdocs\yii1-1\framework\web\CController.php(286): AuthitemController->runAction()
#8 C:\xampp\htdocs\yii1-1\framework\web\CController.php(265): AuthitemController->runActionWithFilters()
#9 C:\xampp\htdocs\yii1-1\framework\web\CWebApplication.php(282): AuthitemController->run()
#10 C:\xampp\htdocs\yii1-1\framework\web\CWebApplication.php(141): CWebApplication->runController()
#11 C:\xampp\htdocs\yii1-1\framework\base\CApplication.php(185): CWebApplication->processRequest()
#12 C:\xampp\htdocs\project-yii\index.php(13): CWebApplication->run()
REQUEST_URI=/project-yii/index.php?r=srbac/authitem/install
in C:\xampp\htdocs\project-yii\protected\modules\srbac\views\authitem\install\install.php (104)
in C:\xampp\htdocs\project-yii\protected\modules\srbac\controllers\AuthitemController.php (495)
in C:\xampp\htdocs\project-yii\index.php (13)
2024/06/19 15:54:33 [error] [php] Trying to access array offset on value of type null (C:\xampp\htdocs\project-yii\protected\modules\srbac\views\authitem\install\install.php:104)
Stack trace:
#0 C:\xampp\htdocs\yii1-1\framework\web\CBaseController.php(126): require()
#1 C:\xampp\htdocs\yii1-1\framework\web\CBaseController.php(95): AuthitemController->renderInternal()
#2 C:\xampp\htdocs\yii1-1\framework\web\CController.php(872): AuthitemController->renderFile()
#3 C:\xampp\htdocs\yii1-1\framework\web\CController.php(785): AuthitemController->renderPartial()
#4 C:\xampp\htdocs\project-yii\protected\modules\srbac\controllers\AuthitemController.php(495): AuthitemController->render()
#5 C:\xampp\htdocs\yii1-1\framework\web\actions\CInlineAction.php(49): AuthitemController->actionInstall()
#6 C:\xampp\htdocs\yii1-1\framework\web\CController.php(308): CInlineAction->runWithParams()
#7 C:\xampp\htdocs\yii1-1\framework\web\CController.php(286): AuthitemController->runAction()
#8 C:\xampp\htdocs\yii1-1\framework\web\CController.php(265): AuthitemController->runActionWithFilters()
#9 C:\xampp\htdocs\yii1-1\framework\web\CWebApplication.php(282): AuthitemController->run()
#10 C:\xampp\htdocs\yii1-1\framework\web\CWebApplication.php(141): CWebApplication->runController()
#11 C:\xampp\htdocs\yii1-1\framework\base\CApplication.php(185): CWebApplication->processRequest()
#12 C:\xampp\htdocs\project-yii\index.php(13): CWebApplication->run()
REQUEST_URI=/project-yii/index.php?r=srbac/authitem/install
in C:\xampp\htdocs\project-yii\protected\modules\srbac\views\authitem\install\install.php (104)
in C:\xampp\htdocs\project-yii\protected\modules\srbac\controllers\AuthitemController.php (495)
in C:\xampp\htdocs\project-yii\index.php (13)
2024/06/19 16:24:55 [error] [system.db.CDbCommand] CDbCommand::fetchAll() failed: SQLSTATE[42S02]: Base table or view not found: 1146 Table 'db_yii.tbl_migration' doesn't exist. The SQL statement executed was: SHOW FULL COLUMNS FROM `tbl_migration`.
2024/06/19 16:24:57 [error] [system.db.CDbCommand] CDbCommand::execute() failed: SQLSTATE[42S01]: Base table or view already exists: 1050 Table 'user' already exists. The SQL statement executed was: CREATE TABLE `User` (
	`id` int(11) NOT NULL AUTO_INCREMENT PRIMARY KEY,
	`username` varchar(50) NOT NULL UNIQUE,
	`password` varchar(100) NOT NULL,
	`role` enum('admin', 'pegawai', 'user') DEFAULT 'user'
).
2024/06/19 16:24:57 [error] [exception.CDbException] CDbException: CDbCommand failed to execute the SQL statement: SQLSTATE[42S01]: Base table or view already exists: 1050 Table 'user' already exists. The SQL statement executed was: CREATE TABLE `User` (
	`id` int(11) NOT NULL AUTO_INCREMENT PRIMARY KEY,
	`username` varchar(50) NOT NULL UNIQUE,
	`password` varchar(100) NOT NULL,
	`role` enum('admin', 'pegawai', 'user') DEFAULT 'user'
) in C:\xampp\htdocs\yii1-1\framework\db\CDbCommand.php:358
Stack trace:
#0 C:\xampp\htdocs\yii1-1\framework\db\CDbCommand.php(1352): CDbCommand->execute()
#1 C:\xampp\htdocs\yii1-1\framework\db\CDbMigration.php(250): CDbCommand->createTable('User', Array, NULL)
#2 C:\xampp\htdocs\project-yii\protected\migrations\m240619_142243_create_user_table.php(7): CDbMigration->createTable('User', Array)
#3 C:\xampp\htdocs\yii1-1\framework\cli\commands\MigrateCommand.php(415): m240619_142243_create_user_table->up()
#4 C:\xampp\htdocs\yii1-1\framework\cli\commands\MigrateCommand.php(109): MigrateCommand->migrateUp('m240619_142243_...')
#5 [internal function]: MigrateCommand->actionUp(Array)
#6 C:\xampp\htdocs\yii1-1\framework\console\CConsoleCommand.php(177): ReflectionMethod->invokeArgs(Object(MigrateCommand), Array)
#7 C:\xampp\htdocs\yii1-1\framework\console\CConsoleCommandRunner.php(71): CConsoleCommand->run(Array)
#8 C:\xampp\htdocs\yii1-1\framework\console\CConsoleApplication.php(92): CConsoleCommandRunner->run(Array)
#9 C:\xampp\htdocs\yii1-1\framework\base\CApplication.php(185): CConsoleApplication->processRequest()
#10 C:\xampp\htdocs\yii1-1\framework\yiic.php(33): CApplication->run()
#11 C:\xampp\htdocs\project-yii\protected\yiic.php(7): require_once('C:\\xampp\\htdocs...')
#12 {main}
---
2024/06/19 16:26:08 [error] [system.db.CDbCommand] CDbCommand::execute() failed: SQLSTATE[42S01]: Base table or view already exists: 1050 Table 'user' already exists. The SQL statement executed was: CREATE TABLE `user` (
	`id` int(11) NOT NULL AUTO_INCREMENT PRIMARY KEY,
	`username` varchar(50) NOT NULL UNIQUE,
	`password` varchar(100) NOT NULL,
	`role` enum('admin', 'pegawai', 'user') DEFAULT 'user'
).
2024/06/19 16:26:08 [error] [exception.CDbException] CDbException: CDbCommand failed to execute the SQL statement: SQLSTATE[42S01]: Base table or view already exists: 1050 Table 'user' already exists. The SQL statement executed was: CREATE TABLE `user` (
	`id` int(11) NOT NULL AUTO_INCREMENT PRIMARY KEY,
	`username` varchar(50) NOT NULL UNIQUE,
	`password` varchar(100) NOT NULL,
	`role` enum('admin', 'pegawai', 'user') DEFAULT 'user'
) in C:\xampp\htdocs\yii1-1\framework\db\CDbCommand.php:358
Stack trace:
#0 C:\xampp\htdocs\yii1-1\framework\db\CDbCommand.php(1352): CDbCommand->execute()
#1 C:\xampp\htdocs\yii1-1\framework\db\CDbMigration.php(250): CDbCommand->createTable('user', Array, NULL)
#2 C:\xampp\htdocs\project-yii\protected\migrations\m240619_142243_create_user_table.php(7): CDbMigration->createTable('user', Array)
#3 C:\xampp\htdocs\yii1-1\framework\cli\commands\MigrateCommand.php(415): m240619_142243_create_user_table->up()
#4 C:\xampp\htdocs\yii1-1\framework\cli\commands\MigrateCommand.php(109): MigrateCommand->migrateUp('m240619_142243_...')
#5 [internal function]: MigrateCommand->actionUp(Array)
#6 C:\xampp\htdocs\yii1-1\framework\console\CConsoleCommand.php(177): ReflectionMethod->invokeArgs(Object(MigrateCommand), Array)
#7 C:\xampp\htdocs\yii1-1\framework\console\CConsoleCommandRunner.php(71): CConsoleCommand->run(Array)
#8 C:\xampp\htdocs\yii1-1\framework\console\CConsoleApplication.php(92): CConsoleCommandRunner->run(Array)
#9 C:\xampp\htdocs\yii1-1\framework\base\CApplication.php(185): CConsoleApplication->processRequest()
#10 C:\xampp\htdocs\yii1-1\framework\yiic.php(33): CApplication->run()
#11 C:\xampp\htdocs\project-yii\protected\yiic.php(7): require_once('C:\\xampp\\htdocs...')
#12 {main}
---
2024/06/19 16:28:21 [error] [exception.CHttpException.404] CHttpException: Unable to resolve the request "srbac/auth". in C:\xampp\htdocs\yii1-1\framework\web\CWebApplication.php:286
Stack trace:
#0 C:\xampp\htdocs\yii1-1\framework\web\CWebApplication.php(141): CWebApplication->runController('srbac/auth')
#1 C:\xampp\htdocs\yii1-1\framework\base\CApplication.php(185): CWebApplication->processRequest()
#2 C:\xampp\htdocs\project-yii\index.php(13): CApplication->run()
#3 {main}
REQUEST_URI=/project-yii/index.php?r=srbac/auth
---
2024/06/19 16:44:00 [error] [exception.CException] CException: Filter "srbac.auth.SrbacFilter" is invalid. Controller "SiteController" does not have the filter method "filtersrbac.auth.SrbacFilter". in C:\xampp\htdocs\yii1-1\framework\web\filters\CInlineFilter.php:46
Stack trace:
#0 C:\xampp\htdocs\yii1-1\framework\web\filters\CFilterChain.php(73): CInlineFilter::create(Object(SiteController), 'srbac.auth.Srba...')
#1 C:\xampp\htdocs\yii1-1\framework\web\CController.php(291): CFilterChain::create(Object(SiteController), Object(CInlineAction), Array)
#2 C:\xampp\htdocs\yii1-1\framework\web\CController.php(265): CController->runActionWithFilters(Object(CInlineAction), Array)
#3 C:\xampp\htdocs\yii1-1\framework\web\CWebApplication.php(282): CController->run('')
#4 C:\xampp\htdocs\yii1-1\framework\web\CWebApplication.php(141): CWebApplication->runController('')
#5 C:\xampp\htdocs\yii1-1\framework\base\CApplication.php(185): CWebApplication->processRequest()
#6 C:\xampp\htdocs\project-yii\index.php(13): CApplication->run()
#7 {main}
REQUEST_URI=/project-yii/
---
2024/06/19 16:46:40 [error] [exception.CException] CException: Filter "srbac.auth.SrbacFilter" is invalid. Controller "SiteController" does not have the filter method "filtersrbac.auth.SrbacFilter". in C:\xampp\htdocs\yii1-1\framework\web\filters\CInlineFilter.php:46
Stack trace:
#0 C:\xampp\htdocs\yii1-1\framework\web\filters\CFilterChain.php(73): CInlineFilter::create(Object(SiteController), 'srbac.auth.Srba...')
#1 C:\xampp\htdocs\yii1-1\framework\web\CController.php(291): CFilterChain::create(Object(SiteController), Object(CInlineAction), Array)
#2 C:\xampp\htdocs\yii1-1\framework\web\CController.php(265): CController->runActionWithFilters(Object(CInlineAction), Array)
#3 C:\xampp\htdocs\yii1-1\framework\web\CWebApplication.php(282): CController->run('')
#4 C:\xampp\htdocs\yii1-1\framework\web\CWebApplication.php(141): CWebApplication->runController('')
#5 C:\xampp\htdocs\yii1-1\framework\base\CApplication.php(185): CWebApplication->processRequest()
#6 C:\xampp\htdocs\project-yii\index.php(13): CApplication->run()
#7 {main}
REQUEST_URI=/project-yii/
---
2024/06/19 16:46:40 [error] [exception.CException] CException: Filter "srbac.auth.SrbacFilter" is invalid. Controller "SiteController" does not have the filter method "filtersrbac.auth.SrbacFilter". in C:\xampp\htdocs\yii1-1\framework\web\filters\CInlineFilter.php:46
Stack trace:
#0 C:\xampp\htdocs\yii1-1\framework\web\filters\CFilterChain.php(73): CInlineFilter::create(Object(SiteController), 'srbac.auth.Srba...')
#1 C:\xampp\htdocs\yii1-1\framework\web\CController.php(291): CFilterChain::create(Object(SiteController), Object(CInlineAction), Array)
#2 C:\xampp\htdocs\yii1-1\framework\web\CController.php(265): CController->runActionWithFilters(Object(CInlineAction), Array)
#3 C:\xampp\htdocs\yii1-1\framework\web\CWebApplication.php(282): CController->run('')
#4 C:\xampp\htdocs\yii1-1\framework\web\CWebApplication.php(141): CWebApplication->runController('')
#5 C:\xampp\htdocs\yii1-1\framework\base\CApplication.php(185): CWebApplication->processRequest()
#6 C:\xampp\htdocs\project-yii\index.php(13): CApplication->run()
#7 {main}
REQUEST_URI=/project-yii/
---
2024/06/19 16:46:41 [error] [exception.CException] CException: Filter "srbac.auth.SrbacFilter" is invalid. Controller "SiteController" does not have the filter method "filtersrbac.auth.SrbacFilter". in C:\xampp\htdocs\yii1-1\framework\web\filters\CInlineFilter.php:46
Stack trace:
#0 C:\xampp\htdocs\yii1-1\framework\web\filters\CFilterChain.php(73): CInlineFilter::create(Object(SiteController), 'srbac.auth.Srba...')
#1 C:\xampp\htdocs\yii1-1\framework\web\CController.php(291): CFilterChain::create(Object(SiteController), Object(CInlineAction), Array)
#2 C:\xampp\htdocs\yii1-1\framework\web\CController.php(265): CController->runActionWithFilters(Object(CInlineAction), Array)
#3 C:\xampp\htdocs\yii1-1\framework\web\CWebApplication.php(282): CController->run('')
#4 C:\xampp\htdocs\yii1-1\framework\web\CWebApplication.php(141): CWebApplication->runController('')
#5 C:\xampp\htdocs\yii1-1\framework\base\CApplication.php(185): CWebApplication->processRequest()
#6 C:\xampp\htdocs\project-yii\index.php(13): CApplication->run()
#7 {main}
REQUEST_URI=/project-yii/
---
2024/06/19 16:46:41 [error] [exception.CException] CException: Filter "srbac.auth.SrbacFilter" is invalid. Controller "SiteController" does not have the filter method "filtersrbac.auth.SrbacFilter". in C:\xampp\htdocs\yii1-1\framework\web\filters\CInlineFilter.php:46
Stack trace:
#0 C:\xampp\htdocs\yii1-1\framework\web\filters\CFilterChain.php(73): CInlineFilter::create(Object(SiteController), 'srbac.auth.Srba...')
#1 C:\xampp\htdocs\yii1-1\framework\web\CController.php(291): CFilterChain::create(Object(SiteController), Object(CInlineAction), Array)
#2 C:\xampp\htdocs\yii1-1\framework\web\CController.php(265): CController->runActionWithFilters(Object(CInlineAction), Array)
#3 C:\xampp\htdocs\yii1-1\framework\web\CWebApplication.php(282): CController->run('')
#4 C:\xampp\htdocs\yii1-1\framework\web\CWebApplication.php(141): CWebApplication->runController('')
#5 C:\xampp\htdocs\yii1-1\framework\base\CApplication.php(185): CWebApplication->processRequest()
#6 C:\xampp\htdocs\project-yii\index.php(13): CApplication->run()
#7 {main}
REQUEST_URI=/project-yii/
---
2024/06/19 16:46:41 [error] [exception.CException] CException: Filter "srbac.auth.SrbacFilter" is invalid. Controller "SiteController" does not have the filter method "filtersrbac.auth.SrbacFilter". in C:\xampp\htdocs\yii1-1\framework\web\filters\CInlineFilter.php:46
Stack trace:
#0 C:\xampp\htdocs\yii1-1\framework\web\filters\CFilterChain.php(73): CInlineFilter::create(Object(SiteController), 'srbac.auth.Srba...')
#1 C:\xampp\htdocs\yii1-1\framework\web\CController.php(291): CFilterChain::create(Object(SiteController), Object(CInlineAction), Array)
#2 C:\xampp\htdocs\yii1-1\framework\web\CController.php(265): CController->runActionWithFilters(Object(CInlineAction), Array)
#3 C:\xampp\htdocs\yii1-1\framework\web\CWebApplication.php(282): CController->run('')
#4 C:\xampp\htdocs\yii1-1\framework\web\CWebApplication.php(141): CWebApplication->runController('')
#5 C:\xampp\htdocs\yii1-1\framework\base\CApplication.php(185): CWebApplication->processRequest()
#6 C:\xampp\htdocs\project-yii\index.php(13): CApplication->run()
#7 {main}
REQUEST_URI=/project-yii/
---
2024/06/19 16:48:21 [error] [exception.CException] CException: Property "SiteController.filter" is not defined. in C:\xampp\htdocs\yii1-1\framework\base\CComponent.php:172
Stack trace:
#0 C:\xampp\htdocs\yii1-1\framework\YiiBase.php(227): CComponent->__set('filter', Array)
#1 C:\xampp\htdocs\yii1-1\framework\web\CWebApplication.php(332): YiiBase::createComponent(Array, 'site', NULL)
#2 C:\xampp\htdocs\yii1-1\framework\web\CWebApplication.php(276): CWebApplication->createController('')
#3 C:\xampp\htdocs\yii1-1\framework\web\CWebApplication.php(141): CWebApplication->runController('')
#4 C:\xampp\htdocs\yii1-1\framework\base\CApplication.php(185): CWebApplication->processRequest()
#5 C:\xampp\htdocs\project-yii\index.php(13): CApplication->run()
#6 {main}
REQUEST_URI=/project-yii/
---
2024/06/19 16:49:35 [error] [exception.CException] CException: Property "SiteController.filter" is not defined. in C:\xampp\htdocs\yii1-1\framework\base\CComponent.php:172
Stack trace:
#0 C:\xampp\htdocs\yii1-1\framework\YiiBase.php(227): CComponent->__set('filter', Array)
#1 C:\xampp\htdocs\yii1-1\framework\web\CWebApplication.php(332): YiiBase::createComponent(Array, 'site', NULL)
#2 C:\xampp\htdocs\yii1-1\framework\web\CWebApplication.php(276): CWebApplication->createController('')
#3 C:\xampp\htdocs\yii1-1\framework\web\CWebApplication.php(141): CWebApplication->runController('')
#4 C:\xampp\htdocs\yii1-1\framework\base\CApplication.php(185): CWebApplication->processRequest()
#5 C:\xampp\htdocs\project-yii\index.php(13): CApplication->run()
#6 {main}
REQUEST_URI=/project-yii/
---
2024/06/19 16:50:04 [error] [exception.CException] CException: Property "SiteController.filter" is not defined. in C:\xampp\htdocs\yii1-1\framework\base\CComponent.php:172
Stack trace:
#0 C:\xampp\htdocs\yii1-1\framework\YiiBase.php(227): CComponent->__set('filter', Array)
#1 C:\xampp\htdocs\yii1-1\framework\web\CWebApplication.php(332): YiiBase::createComponent(Array, 'site', NULL)
#2 C:\xampp\htdocs\yii1-1\framework\web\CWebApplication.php(276): CWebApplication->createController('')
#3 C:\xampp\htdocs\yii1-1\framework\web\CWebApplication.php(141): CWebApplication->runController('')
#4 C:\xampp\htdocs\yii1-1\framework\base\CApplication.php(185): CWebApplication->processRequest()
#5 C:\xampp\htdocs\project-yii\index.php(13): CApplication->run()
#6 {main}
REQUEST_URI=/project-yii/
---
2024/06/19 16:50:05 [error] [exception.CException] CException: Property "SiteController.filter" is not defined. in C:\xampp\htdocs\yii1-1\framework\base\CComponent.php:172
Stack trace:
#0 C:\xampp\htdocs\yii1-1\framework\YiiBase.php(227): CComponent->__set('filter', Array)
#1 C:\xampp\htdocs\yii1-1\framework\web\CWebApplication.php(332): YiiBase::createComponent(Array, 'site', NULL)
#2 C:\xampp\htdocs\yii1-1\framework\web\CWebApplication.php(276): CWebApplication->createController('')
#3 C:\xampp\htdocs\yii1-1\framework\web\CWebApplication.php(141): CWebApplication->runController('')
#4 C:\xampp\htdocs\yii1-1\framework\base\CApplication.php(185): CWebApplication->processRequest()
#5 C:\xampp\htdocs\project-yii\index.php(13): CApplication->run()
#6 {main}
REQUEST_URI=/project-yii/
---
2024/06/19 16:50:06 [error] [exception.CException] CException: Property "SiteController.filter" is not defined. in C:\xampp\htdocs\yii1-1\framework\base\CComponent.php:172
Stack trace:
#0 C:\xampp\htdocs\yii1-1\framework\YiiBase.php(227): CComponent->__set('filter', Array)
#1 C:\xampp\htdocs\yii1-1\framework\web\CWebApplication.php(332): YiiBase::createComponent(Array, 'site', NULL)
#2 C:\xampp\htdocs\yii1-1\framework\web\CWebApplication.php(276): CWebApplication->createController('')
#3 C:\xampp\htdocs\yii1-1\framework\web\CWebApplication.php(141): CWebApplication->runController('')
#4 C:\xampp\htdocs\yii1-1\framework\base\CApplication.php(185): CWebApplication->processRequest()
#5 C:\xampp\htdocs\project-yii\index.php(13): CApplication->run()
#6 {main}
REQUEST_URI=/project-yii/
---
2024/06/19 16:51:35 [error] [exception.CException] CException: Filter "srbac.auth.SrbacFilter" is invalid. Controller "SiteController" does not have the filter method "filtersrbac.auth.SrbacFilter". in C:\xampp\htdocs\yii1-1\framework\web\filters\CInlineFilter.php:46
Stack trace:
#0 C:\xampp\htdocs\yii1-1\framework\web\filters\CFilterChain.php(73): CInlineFilter::create(Object(SiteController), 'srbac.auth.Srba...')
#1 C:\xampp\htdocs\yii1-1\framework\web\CController.php(291): CFilterChain::create(Object(SiteController), Object(CInlineAction), Array)
#2 C:\xampp\htdocs\yii1-1\framework\web\CController.php(265): CController->runActionWithFilters(Object(CInlineAction), Array)
#3 C:\xampp\htdocs\yii1-1\framework\web\CWebApplication.php(282): CController->run('')
#4 C:\xampp\htdocs\yii1-1\framework\web\CWebApplication.php(141): CWebApplication->runController('')
#5 C:\xampp\htdocs\yii1-1\framework\base\CApplication.php(185): CWebApplication->processRequest()
#6 C:\xampp\htdocs\project-yii\index.php(13): CApplication->run()
#7 {main}
REQUEST_URI=/project-yii/
---
2024/06/19 16:51:45 [error] [exception.CException] CException: Property "SiteController.filter" is not defined. in C:\xampp\htdocs\yii1-1\framework\base\CComponent.php:172
Stack trace:
#0 C:\xampp\htdocs\yii1-1\framework\YiiBase.php(227): CComponent->__set('filter', Array)
#1 C:\xampp\htdocs\yii1-1\framework\web\CWebApplication.php(332): YiiBase::createComponent(Array, 'site', NULL)
#2 C:\xampp\htdocs\yii1-1\framework\web\CWebApplication.php(276): CWebApplication->createController('')
#3 C:\xampp\htdocs\yii1-1\framework\web\CWebApplication.php(141): CWebApplication->runController('')
#4 C:\xampp\htdocs\yii1-1\framework\base\CApplication.php(185): CWebApplication->processRequest()
#5 C:\xampp\htdocs\project-yii\index.php(13): CApplication->run()
#6 {main}
REQUEST_URI=/project-yii/
---
2024/06/19 17:00:42 [error] [exception.CException] CException: Property "SiteController.filter" is not defined. in C:\xampp\htdocs\yii1-1\framework\base\CComponent.php:172
Stack trace:
#0 C:\xampp\htdocs\yii1-1\framework\YiiBase.php(227): CComponent->__set('filter', Array)
#1 C:\xampp\htdocs\yii1-1\framework\web\CWebApplication.php(332): YiiBase::createComponent(Array, 'site', NULL)
#2 C:\xampp\htdocs\yii1-1\framework\web\CWebApplication.php(276): CWebApplication->createController('')
#3 C:\xampp\htdocs\yii1-1\framework\web\CWebApplication.php(141): CWebApplication->runController('')
#4 C:\xampp\htdocs\yii1-1\framework\base\CApplication.php(185): CWebApplication->processRequest()
#5 C:\xampp\htdocs\project-yii\index.php(13): CApplication->run()
#6 {main}
REQUEST_URI=/project-yii/
---
2024/06/19 17:00:42 [error] [exception.CException] CException: Property "SiteController.filter" is not defined. in C:\xampp\htdocs\yii1-1\framework\base\CComponent.php:172
Stack trace:
#0 C:\xampp\htdocs\yii1-1\framework\YiiBase.php(227): CComponent->__set('filter', Array)
#1 C:\xampp\htdocs\yii1-1\framework\web\CWebApplication.php(332): YiiBase::createComponent(Array, 'site', NULL)
#2 C:\xampp\htdocs\yii1-1\framework\web\CWebApplication.php(276): CWebApplication->createController('')
#3 C:\xampp\htdocs\yii1-1\framework\web\CWebApplication.php(141): CWebApplication->runController('')
#4 C:\xampp\htdocs\yii1-1\framework\base\CApplication.php(185): CWebApplication->processRequest()
#5 C:\xampp\htdocs\project-yii\index.php(13): CApplication->run()
#6 {main}
REQUEST_URI=/project-yii/
---
2024/06/19 17:00:43 [error] [exception.CException] CException: Property "SiteController.filter" is not defined. in C:\xampp\htdocs\yii1-1\framework\base\CComponent.php:172
Stack trace:
#0 C:\xampp\htdocs\yii1-1\framework\YiiBase.php(227): CComponent->__set('filter', Array)
#1 C:\xampp\htdocs\yii1-1\framework\web\CWebApplication.php(332): YiiBase::createComponent(Array, 'site', NULL)
#2 C:\xampp\htdocs\yii1-1\framework\web\CWebApplication.php(276): CWebApplication->createController('')
#3 C:\xampp\htdocs\yii1-1\framework\web\CWebApplication.php(141): CWebApplication->runController('')
#4 C:\xampp\htdocs\yii1-1\framework\base\CApplication.php(185): CWebApplication->processRequest()
#5 C:\xampp\htdocs\project-yii\index.php(13): CApplication->run()
#6 {main}
REQUEST_URI=/project-yii/
---
2024/06/19 17:02:40 [error] [exception.CException] CException: Property "SiteController.filter" is not defined. in C:\xampp\htdocs\yii1-1\framework\base\CComponent.php:172
Stack trace:
#0 C:\xampp\htdocs\yii1-1\framework\YiiBase.php(227): CComponent->__set('filter', Array)
#1 C:\xampp\htdocs\yii1-1\framework\web\CWebApplication.php(332): YiiBase::createComponent(Array, 'site', NULL)
#2 C:\xampp\htdocs\yii1-1\framework\web\CWebApplication.php(276): CWebApplication->createController('')
#3 C:\xampp\htdocs\yii1-1\framework\web\CWebApplication.php(141): CWebApplication->runController('')
#4 C:\xampp\htdocs\yii1-1\framework\base\CApplication.php(185): CWebApplication->processRequest()
#5 C:\xampp\htdocs\project-yii\index.php(13): CApplication->run()
#6 {main}
REQUEST_URI=/project-yii/
---
2024/06/19 17:08:34 [error] [exception.CHttpException.404] CHttpException: Unable to resolve the request "post/view". in C:\xampp\htdocs\yii1-1\framework\web\CWebApplication.php:286
Stack trace:
#0 C:\xampp\htdocs\yii1-1\framework\web\CWebApplication.php(141): CWebApplication->runController('post/view')
#1 C:\xampp\htdocs\yii1-1\framework\base\CApplication.php(185): CWebApplication->processRequest()
#2 C:\xampp\htdocs\project-yii\index.php(13): CApplication->run()
#3 {main}
REQUEST_URI=/project-yii/index.php/post/view
---
2024/06/19 17:09:02 [error] [exception.CHttpException.400] CHttpException: Your request is invalid. in C:\xampp\htdocs\yii1-1\framework\web\CController.php:337
Stack trace:
#0 C:\xampp\htdocs\yii1-1\framework\web\CController.php(309): CController->invalidActionParams(Object(CInlineAction))
#1 C:\xampp\htdocs\yii1-1\framework\web\filters\CFilterChain.php(134): CController->runAction(Object(CInlineAction))
#2 C:\xampp\htdocs\yii1-1\framework\web\filters\CFilter.php(40): CFilterChain->run()
#3 C:\xampp\htdocs\yii1-1\framework\web\CController.php(1148): CFilter->filter(Object(CFilterChain))
#4 C:\xampp\htdocs\yii1-1\framework\web\filters\CInlineFilter.php(58): CController->filterAccessControl(Object(CFilterChain))
#5 C:\xampp\htdocs\yii1-1\framework\web\filters\CFilterChain.php(131): CInlineFilter->filter(Object(CFilterChain))
#6 C:\xampp\htdocs\yii1-1\framework\web\CController.php(291): CFilterChain->run()
#7 C:\xampp\htdocs\yii1-1\framework\web\CController.php(265): CController->runActionWithFilters(Object(CInlineAction), Array)
#8 C:\xampp\htdocs\yii1-1\framework\web\CWebApplication.php(282): CController->run('view')
#9 C:\xampp\htdocs\yii1-1\framework\web\CWebApplication.php(141): CWebApplication->runController('user/view')
#10 C:\xampp\htdocs\yii1-1\framework\base\CApplication.php(185): CWebApplication->processRequest()
#11 C:\xampp\htdocs\project-yii\index.php(13): CApplication->run()
#12 {main}
REQUEST_URI=/project-yii/index.php/user/view
---
2024/06/19 17:14:21 [error] [exception.CHttpException.400] CHttpException: Your request is invalid. in C:\xampp\htdocs\yii1-1\framework\web\CController.php:337
Stack trace:
#0 C:\xampp\htdocs\yii1-1\framework\web\CController.php(309): CController->invalidActionParams(Object(CInlineAction))
#1 C:\xampp\htdocs\yii1-1\framework\web\filters\CFilterChain.php(134): CController->runAction(Object(CInlineAction))
#2 C:\xampp\htdocs\yii1-1\framework\web\filters\CFilter.php(40): CFilterChain->run()
#3 C:\xampp\htdocs\yii1-1\framework\web\CController.php(1148): CFilter->filter(Object(CFilterChain))
#4 C:\xampp\htdocs\yii1-1\framework\web\filters\CInlineFilter.php(58): CController->filterAccessControl(Object(CFilterChain))
#5 C:\xampp\htdocs\yii1-1\framework\web\filters\CFilterChain.php(131): CInlineFilter->filter(Object(CFilterChain))
#6 C:\xampp\htdocs\yii1-1\framework\web\CController.php(291): CFilterChain->run()
#7 C:\xampp\htdocs\yii1-1\framework\web\CController.php(265): CController->runActionWithFilters(Object(CInlineAction), Array)
#8 C:\xampp\htdocs\yii1-1\framework\web\CWebApplication.php(282): CController->run('view')
#9 C:\xampp\htdocs\yii1-1\framework\web\CWebApplication.php(141): CWebApplication->runController('user/view')
#10 C:\xampp\htdocs\yii1-1\framework\base\CApplication.php(185): CWebApplication->processRequest()
#11 C:\xampp\htdocs\project-yii\index.php(13): CApplication->run()
#12 {main}
REQUEST_URI=/project-yii/index.php/user/view
---
2024/06/20 02:43:36 [error] [exception.CHttpException.404] CHttpException: Unable to resolve the request "page/view". in C:\xampp\htdocs\yii1-1\framework\web\CWebApplication.php:286
Stack trace:
#0 C:\xampp\htdocs\yii1-1\framework\web\CWebApplication.php(141): CWebApplication->runController('page/view')
#1 C:\xampp\htdocs\yii1-1\framework\base\CApplication.php(185): CWebApplication->processRequest()
#2 C:\xampp\htdocs\project-yii\index.php(13): CApplication->run()
#3 {main}
REQUEST_URI=/project-yii/index.php/page/view
---
2024/06/20 02:52:42 [error] [system.db.CDbCommand] CDbCommand::fetchAll() failed: SQLSTATE[42S02]: Base table or view not found: 1932 Table 'db_yii.user' doesn't exist in engine. The SQL statement executed was: SHOW FULL COLUMNS FROM `user`.
in C:\xampp\htdocs\project-yii\protected\views\user\index.php (17)
in C:\xampp\htdocs\project-yii\protected\controllers\UserController.php (126)
in C:\xampp\htdocs\project-yii\index.php (13)
2024/06/20 02:52:43 [error] [exception.CDbException] CDbException: The table "user" for active record class "User" cannot be found in the database. in C:\xampp\htdocs\yii1-1\framework\db\ar\CActiveRecord.php:2391
Stack trace:
#0 C:\xampp\htdocs\yii1-1\framework\db\ar\CActiveRecord.php(413): CActiveRecordMetaData->__construct(Object(User))
#1 C:\xampp\htdocs\yii1-1\framework\db\ar\CActiveRecord.php(663): CActiveRecord->getMetaData()
#2 C:\xampp\htdocs\yii1-1\framework\db\ar\CActiveRecord.php(1609): CActiveRecord->getTableSchema()
#3 C:\xampp\htdocs\yii1-1\framework\web\CActiveDataProvider.php(228): CActiveRecord->count(Object(CDbCriteria))
#4 C:\xampp\htdocs\yii1-1\framework\web\CDataProvider.php(224): CActiveDataProvider->calculateTotalItemCount()
#5 C:\xampp\htdocs\yii1-1\framework\web\CActiveDataProvider.php(178): CDataProvider->getTotalItemCount()
#6 C:\xampp\htdocs\yii1-1\framework\web\CDataProvider.php(168): CActiveDataProvider->fetchData()
#7 C:\xampp\htdocs\yii1-1\framework\zii\widgets\CBaseListView.php(125): CDataProvider->getData()
#8 C:\xampp\htdocs\yii1-1\framework\zii\widgets\CListView.php(211): CBaseListView->init()
#9 C:\xampp\htdocs\yii1-1\framework\web\CBaseController.php(147): CListView->init()
#10 C:\xampp\htdocs\yii1-1\framework\web\CBaseController.php(181): CBaseController->createWidget('zii.widgets.CLi...', Array)
#11 C:\xampp\htdocs\project-yii\protected\views\user\index.php(17): CBaseController->widget('zii.widgets.CLi...', Array)
#12 C:\xampp\htdocs\yii1-1\framework\web\CBaseController.php(126): require('C:\\xampp\\htdocs...')
#13 C:\xampp\htdocs\yii1-1\framework\web\CBaseController.php(95): CBaseController->renderInternal('C:\\xampp\\htdocs...', Array, true)
#14 C:\xampp\htdocs\yii1-1\framework\web\CController.php(872): CBaseController->renderFile('C:\\xampp\\htdocs...', Array, true)
#15 C:\xampp\htdocs\yii1-1\framework\web\CController.php(785): CController->renderPartial('index', Array, true)
#16 C:\xampp\htdocs\project-yii\protected\controllers\UserController.php(126): CController->render('index', Array)
#17 C:\xampp\htdocs\yii1-1\framework\web\actions\CInlineAction.php(49): UserController->actionIndex()
#18 C:\xampp\htdocs\yii1-1\framework\web\CController.php(308): CInlineAction->runWithParams(Array)
#19 C:\xampp\htdocs\yii1-1\framework\web\filters\CFilterChain.php(134): CController->runAction(Object(CInlineAction))
#20 C:\xampp\htdocs\yii1-1\framework\web\filters\CFilter.php(40): CFilterChain->run()
#21 C:\xampp\htdocs\yii1-1\framework\web\CController.php(1148): CFilter->filter(Object(CFilterChain))
#22 C:\xampp\htdocs\yii1-1\framework\web\filters\CInlineFilter.php(58): CController->filterAccessControl(Object(CFilterChain))
#23 C:\xampp\htdocs\yii1-1\framework\web\filters\CFilterChain.php(131): CInlineFilter->filter(Object(CFilterChain))
#24 C:\xampp\htdocs\yii1-1\framework\web\CController.php(291): CFilterChain->run()
#25 C:\xampp\htdocs\yii1-1\framework\web\CController.php(265): CController->runActionWithFilters(Object(CInlineAction), Array)
#26 C:\xampp\htdocs\yii1-1\framework\web\CWebApplication.php(282): CController->run('index')
#27 C:\xampp\htdocs\yii1-1\framework\web\CWebApplication.php(141): CWebApplication->runController('user/index')
#28 C:\xampp\htdocs\yii1-1\framework\base\CApplication.php(185): CWebApplication->processRequest()
#29 C:\xampp\htdocs\project-yii\index.php(13): CApplication->run()
#30 {main}
REQUEST_URI=/project-yii/index.php/user/index
HTTP_REFERER=http://localhost/project-yii/index.php/site/contact
---
2024/06/20 03:15:50 [error] [exception.CException] CException: Property "User.role" is not defined. in C:\xampp\htdocs\yii1-1\framework\base\CComponent.php:130
Stack trace:
#0 C:\xampp\htdocs\yii1-1\framework\db\ar\CActiveRecord.php(145): CComponent->__get('role')
#1 C:\xampp\htdocs\yii1-1\framework\web\helpers\CHtml.php(2784): CActiveRecord->__get('role')
#2 C:\xampp\htdocs\yii1-1\framework\web\helpers\CHtml.php(2507): CHtml::resolveValue(Object(User), 'role')
#3 C:\xampp\htdocs\yii1-1\framework\web\helpers\CHtml.php(1554): CHtml::activeInputField('text', Object(User), 'role', Array)
#4 C:\xampp\htdocs\yii1-1\framework\web\widgets\CActiveForm.php(793): CHtml::activeTextField(Object(User), 'role', Array)
#5 C:\xampp\htdocs\project-yii\protected\views\user\_form.php(42): CActiveForm->textField(Object(User), 'role', Array)
#6 C:\xampp\htdocs\yii1-1\framework\web\CBaseController.php(126): require('C:\\xampp\\htdocs...')
#7 C:\xampp\htdocs\yii1-1\framework\web\CBaseController.php(95): CBaseController->renderInternal('C:\\xampp\\htdocs...', Array, true)
#8 C:\xampp\htdocs\yii1-1\framework\web\CController.php(872): CBaseController->renderFile('C:\\xampp\\htdocs...', Array, true)
#9 C:\xampp\htdocs\project-yii\protected\views\user\create.php(18): CController->renderPartial('_form', Array)
#10 C:\xampp\htdocs\yii1-1\framework\web\CBaseController.php(126): require('C:\\xampp\\htdocs...')
#11 C:\xampp\htdocs\yii1-1\framework\web\CBaseController.php(95): CBaseController->renderInternal('C:\\xampp\\htdocs...', Array, true)
#12 C:\xampp\htdocs\yii1-1\framework\web\CController.php(872): CBaseController->renderFile('C:\\xampp\\htdocs...', Array, true)
#13 C:\xampp\htdocs\yii1-1\framework\web\CController.php(785): CController->renderPartial('create', Array, true)
#14 C:\xampp\htdocs\project-yii\protected\controllers\UserController.php(77): CController->render('create', Array)
#15 C:\xampp\htdocs\yii1-1\framework\web\actions\CInlineAction.php(49): UserController->actionCreate()
#16 C:\xampp\htdocs\yii1-1\framework\web\CController.php(308): CInlineAction->runWithParams(Array)
#17 C:\xampp\htdocs\yii1-1\framework\web\filters\CFilterChain.php(134): CController->runAction(Object(CInlineAction))
#18 C:\xampp\htdocs\yii1-1\framework\web\filters\CFilter.php(40): CFilterChain->run()
#19 C:\xampp\htdocs\yii1-1\framework\web\CController.php(1148): CFilter->filter(Object(CFilterChain))
#20 C:\xampp\htdocs\yii1-1\framework\web\filters\CInlineFilter.php(58): CController->filterAccessControl(Object(CFilterChain))
#21 C:\xampp\htdocs\yii1-1\framework\web\filters\CFilterChain.php(131): CInlineFilter->filter(Object(CFilterChain))
#22 C:\xampp\htdocs\yii1-1\framework\web\CController.php(291): CFilterChain->run()
#23 C:\xampp\htdocs\yii1-1\framework\web\CController.php(265): CController->runActionWithFilters(Object(CInlineAction), Array)
#24 C:\xampp\htdocs\yii1-1\framework\web\CWebApplication.php(282): CController->run('create')
#25 C:\xampp\htdocs\yii1-1\framework\web\CWebApplication.php(141): CWebApplication->runController('user/create')
#26 C:\xampp\htdocs\yii1-1\framework\base\CApplication.php(185): CWebApplication->processRequest()
#27 C:\xampp\htdocs\project-yii\index.php(13): CApplication->run()
#28 {main}
REQUEST_URI=/project-yii/index.php/user/create
HTTP_REFERER=http://localhost/project-yii/index.php/site/login
---
2024/06/20 03:16:12 [error] [exception.CException] CException: Property "User.role" is not defined. in C:\xampp\htdocs\yii1-1\framework\base\CComponent.php:130
Stack trace:
#0 C:\xampp\htdocs\yii1-1\framework\db\ar\CActiveRecord.php(145): CComponent->__get('role')
#1 C:\xampp\htdocs\yii1-1\framework\web\helpers\CHtml.php(2784): CActiveRecord->__get('role')
#2 C:\xampp\htdocs\yii1-1\framework\web\helpers\CHtml.php(2507): CHtml::resolveValue(Object(User), 'role')
#3 C:\xampp\htdocs\yii1-1\framework\web\helpers\CHtml.php(1554): CHtml::activeInputField('text', Object(User), 'role', Array)
#4 C:\xampp\htdocs\yii1-1\framework\web\widgets\CActiveForm.php(793): CHtml::activeTextField(Object(User), 'role', Array)
#5 C:\xampp\htdocs\project-yii\protected\views\user\_form.php(42): CActiveForm->textField(Object(User), 'role', Array)
#6 C:\xampp\htdocs\yii1-1\framework\web\CBaseController.php(126): require('C:\\xampp\\htdocs...')
#7 C:\xampp\htdocs\yii1-1\framework\web\CBaseController.php(95): CBaseController->renderInternal('C:\\xampp\\htdocs...', Array, true)
#8 C:\xampp\htdocs\yii1-1\framework\web\CController.php(872): CBaseController->renderFile('C:\\xampp\\htdocs...', Array, true)
#9 C:\xampp\htdocs\project-yii\protected\views\user\create.php(18): CController->renderPartial('_form', Array)
#10 C:\xampp\htdocs\yii1-1\framework\web\CBaseController.php(126): require('C:\\xampp\\htdocs...')
#11 C:\xampp\htdocs\yii1-1\framework\web\CBaseController.php(95): CBaseController->renderInternal('C:\\xampp\\htdocs...', Array, true)
#12 C:\xampp\htdocs\yii1-1\framework\web\CController.php(872): CBaseController->renderFile('C:\\xampp\\htdocs...', Array, true)
#13 C:\xampp\htdocs\yii1-1\framework\web\CController.php(785): CController->renderPartial('create', Array, true)
#14 C:\xampp\htdocs\project-yii\protected\controllers\UserController.php(77): CController->render('create', Array)
#15 C:\xampp\htdocs\yii1-1\framework\web\actions\CInlineAction.php(49): UserController->actionCreate()
#16 C:\xampp\htdocs\yii1-1\framework\web\CController.php(308): CInlineAction->runWithParams(Array)
#17 C:\xampp\htdocs\yii1-1\framework\web\filters\CFilterChain.php(134): CController->runAction(Object(CInlineAction))
#18 C:\xampp\htdocs\yii1-1\framework\web\filters\CFilter.php(40): CFilterChain->run()
#19 C:\xampp\htdocs\yii1-1\framework\web\CController.php(1148): CFilter->filter(Object(CFilterChain))
#20 C:\xampp\htdocs\yii1-1\framework\web\filters\CInlineFilter.php(58): CController->filterAccessControl(Object(CFilterChain))
#21 C:\xampp\htdocs\yii1-1\framework\web\filters\CFilterChain.php(131): CInlineFilter->filter(Object(CFilterChain))
#22 C:\xampp\htdocs\yii1-1\framework\web\CController.php(291): CFilterChain->run()
#23 C:\xampp\htdocs\yii1-1\framework\web\CController.php(265): CController->runActionWithFilters(Object(CInlineAction), Array)
#24 C:\xampp\htdocs\yii1-1\framework\web\CWebApplication.php(282): CController->run('create')
#25 C:\xampp\htdocs\yii1-1\framework\web\CWebApplication.php(141): CWebApplication->runController('user/create')
#26 C:\xampp\htdocs\yii1-1\framework\base\CApplication.php(185): CWebApplication->processRequest()
#27 C:\xampp\htdocs\project-yii\index.php(13): CApplication->run()
#28 {main}
REQUEST_URI=/project-yii/index.php/user/create
HTTP_REFERER=http://localhost/project-yii/index.php/site/login
---
2024/06/20 03:19:55 [error] [exception.CException] CException: Property "User.role" is not defined. in C:\xampp\htdocs\yii1-1\framework\base\CComponent.php:130
Stack trace:
#0 C:\xampp\htdocs\yii1-1\framework\db\ar\CActiveRecord.php(145): CComponent->__get('role')
#1 C:\xampp\htdocs\yii1-1\framework\web\helpers\CHtml.php(2784): CActiveRecord->__get('role')
#2 C:\xampp\htdocs\yii1-1\framework\web\helpers\CHtml.php(2507): CHtml::resolveValue(Object(User), 'role')
#3 C:\xampp\htdocs\yii1-1\framework\web\helpers\CHtml.php(1554): CHtml::activeInputField('text', Object(User), 'role', Array)
#4 C:\xampp\htdocs\yii1-1\framework\web\widgets\CActiveForm.php(793): CHtml::activeTextField(Object(User), 'role', Array)
#5 C:\xampp\htdocs\project-yii\protected\views\user\_form.php(42): CActiveForm->textField(Object(User), 'role', Array)
#6 C:\xampp\htdocs\yii1-1\framework\web\CBaseController.php(126): require('C:\\xampp\\htdocs...')
#7 C:\xampp\htdocs\yii1-1\framework\web\CBaseController.php(95): CBaseController->renderInternal('C:\\xampp\\htdocs...', Array, true)
#8 C:\xampp\htdocs\yii1-1\framework\web\CController.php(872): CBaseController->renderFile('C:\\xampp\\htdocs...', Array, true)
#9 C:\xampp\htdocs\project-yii\protected\views\user\create.php(18): CController->renderPartial('_form', Array)
#10 C:\xampp\htdocs\yii1-1\framework\web\CBaseController.php(126): require('C:\\xampp\\htdocs...')
#11 C:\xampp\htdocs\yii1-1\framework\web\CBaseController.php(95): CBaseController->renderInternal('C:\\xampp\\htdocs...', Array, true)
#12 C:\xampp\htdocs\yii1-1\framework\web\CController.php(872): CBaseController->renderFile('C:\\xampp\\htdocs...', Array, true)
#13 C:\xampp\htdocs\yii1-1\framework\web\CController.php(785): CController->renderPartial('create', Array, true)
#14 C:\xampp\htdocs\project-yii\protected\controllers\UserController.php(77): CController->render('create', Array)
#15 C:\xampp\htdocs\yii1-1\framework\web\actions\CInlineAction.php(49): UserController->actionCreate()
#16 C:\xampp\htdocs\yii1-1\framework\web\CController.php(308): CInlineAction->runWithParams(Array)
#17 C:\xampp\htdocs\yii1-1\framework\web\filters\CFilterChain.php(134): CController->runAction(Object(CInlineAction))
#18 C:\xampp\htdocs\yii1-1\framework\web\filters\CFilter.php(40): CFilterChain->run()
#19 C:\xampp\htdocs\yii1-1\framework\web\CController.php(1148): CFilter->filter(Object(CFilterChain))
#20 C:\xampp\htdocs\yii1-1\framework\web\filters\CInlineFilter.php(58): CController->filterAccessControl(Object(CFilterChain))
#21 C:\xampp\htdocs\yii1-1\framework\web\filters\CFilterChain.php(131): CInlineFilter->filter(Object(CFilterChain))
#22 C:\xampp\htdocs\yii1-1\framework\web\CController.php(291): CFilterChain->run()
#23 C:\xampp\htdocs\yii1-1\framework\web\CController.php(265): CController->runActionWithFilters(Object(CInlineAction), Array)
#24 C:\xampp\htdocs\yii1-1\framework\web\CWebApplication.php(282): CController->run('create')
#25 C:\xampp\htdocs\yii1-1\framework\web\CWebApplication.php(141): CWebApplication->runController('user/create')
#26 C:\xampp\htdocs\yii1-1\framework\base\CApplication.php(185): CWebApplication->processRequest()
#27 C:\xampp\htdocs\project-yii\index.php(13): CApplication->run()
#28 {main}
REQUEST_URI=/project-yii/index.php/user/create
HTTP_REFERER=http://localhost/project-yii/index.php/site/login
---
2024/06/20 03:22:25 [error] [exception.CException] CException: Property "User.role" is not defined. in C:\xampp\htdocs\yii1-1\framework\base\CComponent.php:130
Stack trace:
#0 C:\xampp\htdocs\yii1-1\framework\db\ar\CActiveRecord.php(145): CComponent->__get('role')
#1 C:\xampp\htdocs\yii1-1\framework\web\helpers\CHtml.php(2784): CActiveRecord->__get('role')
#2 C:\xampp\htdocs\yii1-1\framework\web\helpers\CHtml.php(2507): CHtml::resolveValue(Object(User), 'role')
#3 C:\xampp\htdocs\yii1-1\framework\web\helpers\CHtml.php(1554): CHtml::activeInputField('text', Object(User), 'role', Array)
#4 C:\xampp\htdocs\yii1-1\framework\web\widgets\CActiveForm.php(793): CHtml::activeTextField(Object(User), 'role', Array)
#5 C:\xampp\htdocs\project-yii\protected\views\user\_search.php(26): CActiveForm->textField(Object(User), 'role', Array)
#6 C:\xampp\htdocs\yii1-1\framework\web\CBaseController.php(126): require('C:\\xampp\\htdocs...')
#7 C:\xampp\htdocs\yii1-1\framework\web\CBaseController.php(95): CBaseController->renderInternal('C:\\xampp\\htdocs...', Array, true)
#8 C:\xampp\htdocs\yii1-1\framework\web\CController.php(872): CBaseController->renderFile('C:\\xampp\\htdocs...', Array, true)
#9 C:\xampp\htdocs\project-yii\protected\views\user\admin.php(38): CController->renderPartial('_search', Array)
#10 C:\xampp\htdocs\yii1-1\framework\web\CBaseController.php(126): require('C:\\xampp\\htdocs...')
#11 C:\xampp\htdocs\yii1-1\framework\web\CBaseController.php(95): CBaseController->renderInternal('C:\\xampp\\htdocs...', Array, true)
#12 C:\xampp\htdocs\yii1-1\framework\web\CController.php(872): CBaseController->renderFile('C:\\xampp\\htdocs...', Array, true)
#13 C:\xampp\htdocs\yii1-1\framework\web\CController.php(785): CController->renderPartial('admin', Array, true)
#14 C:\xampp\htdocs\project-yii\protected\controllers\UserController.php(141): CController->render('admin', Array)
#15 C:\xampp\htdocs\yii1-1\framework\web\actions\CInlineAction.php(49): UserController->actionAdmin()
#16 C:\xampp\htdocs\yii1-1\framework\web\CController.php(308): CInlineAction->runWithParams(Array)
#17 C:\xampp\htdocs\yii1-1\framework\web\filters\CFilterChain.php(134): CController->runAction(Object(CInlineAction))
#18 C:\xampp\htdocs\yii1-1\framework\web\filters\CFilter.php(40): CFilterChain->run()
#19 C:\xampp\htdocs\yii1-1\framework\web\CController.php(1148): CFilter->filter(Object(CFilterChain))
#20 C:\xampp\htdocs\yii1-1\framework\web\filters\CInlineFilter.php(58): CController->filterAccessControl(Object(CFilterChain))
#21 C:\xampp\htdocs\yii1-1\framework\web\filters\CFilterChain.php(131): CInlineFilter->filter(Object(CFilterChain))
#22 C:\xampp\htdocs\yii1-1\framework\web\CController.php(291): CFilterChain->run()
#23 C:\xampp\htdocs\yii1-1\framework\web\CController.php(265): CController->runActionWithFilters(Object(CInlineAction), Array)
#24 C:\xampp\htdocs\yii1-1\framework\web\CWebApplication.php(282): CController->run('admin')
#25 C:\xampp\htdocs\yii1-1\framework\web\CWebApplication.php(141): CWebApplication->runController('user/admin')
#26 C:\xampp\htdocs\yii1-1\framework\base\CApplication.php(185): CWebApplication->processRequest()
#27 C:\xampp\htdocs\project-yii\index.php(13): CApplication->run()
#28 {main}
REQUEST_URI=/project-yii/index.php/user/admin
HTTP_REFERER=http://localhost/project-yii/index.php/user/index
---
